Using pre-set license
Built from '2020.3/staging' branch; Version is '2020.3.21f1 (a38c86f6690f) revision 10718342'; Using compiler version '192528614'; Build Type 'Release'
OS: 'Windows 10 Home; OS build 19043.1348; Version 2009; 64bit' Language: 'en' Physical Memory: 16259 MB
BatchMode: 1, IsHumanControllingUs: 0, StartBugReporterOnCrash: 0, Is64bit: 1, IsPro: 0

COMMAND LINE ARGUMENTS:
C:\Program Files\Unity\Hub\Editor\2020.3.21f1\Editor\Unity.exe
-adb2
-batchMode
-noUpm
-name
AssetImportWorker0
-projectPath
C:/Users/johnm/workspace/unity/pacman3D/PacMan3D
-logFile
Logs/AssetImportWorker0.log
-srvPort
57364
Successfully changed project path to: C:/Users/johnm/workspace/unity/pacman3D/PacMan3D
C:/Users/johnm/workspace/unity/pacman3D/PacMan3D
Using Asset Import Pipeline V2.
Refreshing native plugins compatible for Editor in 45.62 ms, found 2 plugins.
Preloading 0 native plugins for Editor in 0.00 ms.
Initialize engine version: 2020.3.21f1 (a38c86f6690f)
[Subsystems] Discovering subsystems at path C:/Program Files/Unity/Hub/Editor/2020.3.21f1/Editor/Data/Resources/UnitySubsystems
[Subsystems] Discovering subsystems at path C:/Users/johnm/workspace/unity/pacman3D/PacMan3D/Assets
GfxDevice: creating device client; threaded=0
Direct3D:
    Version:  Direct3D 11.0 [level 11.1]
    Renderer: Intel(R) HD Graphics 520 (ID=0x1916)
    Vendor:   
    VRAM:     8129 MB
    Driver:   27.20.100.8681
Initialize mono
Mono path[0] = 'C:/Program Files/Unity/Hub/Editor/2020.3.21f1/Editor/Data/Managed'
Mono path[1] = 'C:/Program Files/Unity/Hub/Editor/2020.3.21f1/Editor/Data/MonoBleedingEdge/lib/mono/unityjit'
Mono config path = 'C:/Program Files/Unity/Hub/Editor/2020.3.21f1/Editor/Data/MonoBleedingEdge/etc'
Using monoOptions --debugger-agent=transport=dt_socket,embedding=1,server=y,suspend=n,address=127.0.0.1:56336
Begin MonoManager ReloadAssembly
Registering precompiled unity dll's ...
Register platform support module: C:/Program Files/Unity/Hub/Editor/2020.3.21f1/Editor/Data/PlaybackEngines/WindowsStandaloneSupport/UnityEditor.WindowsStandalone.Extensions.dll
Registered in 0.003138 seconds.
Native extension for WindowsStandalone target not found
Refreshing native plugins compatible for Editor in 40.84 ms, found 2 plugins.
Preloading 0 native plugins for Editor in 0.00 ms.
Mono: successfully reloaded assembly
- Completed reload, in  1.529 seconds
Domain Reload Profiling:
	ReloadAssembly (1529ms)
		BeginReloadAssembly (87ms)
			ExecutionOrderSort (0ms)
			DisableScriptedObjects (0ms)
			BackupInstance (0ms)
			ReleaseScriptingObjects (0ms)
			CreateAndSetChildDomain (1ms)
		EndReloadAssembly (584ms)
			LoadAssemblies (83ms)
			RebuildTransferFunctionScriptingTraits (0ms)
			SetupTypeCache (206ms)
			ReleaseScriptCaches (0ms)
			RebuildScriptCaches (45ms)
			SetupLoadedEditorAssemblies (208ms)
				LogAssemblyErrors (0ms)
				InitializePlatformSupportModulesInManaged (5ms)
				SetLoadedEditorAssemblies (0ms)
				RefreshPlugins (41ms)
				BeforeProcessingInitializeOnLoad (17ms)
				ProcessInitializeOnLoadAttributes (108ms)
				ProcessInitializeOnLoadMethodAttributes (37ms)
				AfterProcessingInitializeOnLoad (0ms)
				EditorAssembliesLoaded (0ms)
			ExecutionOrderSort2 (0ms)
			AwakeInstancesAfterBackupRestoration (0ms)
Platform modules already initialized, skipping
Registering precompiled user dll's ...
Registered in 0.006569 seconds.
Begin MonoManager ReloadAssembly
Native extension for WindowsStandalone target not found
Refreshing native plugins compatible for Editor in 0.95 ms, found 2 plugins.
Preloading 0 native plugins for Editor in 0.00 ms.
Mono: successfully reloaded assembly
- Completed reload, in  1.911 seconds
Domain Reload Profiling:
	ReloadAssembly (1912ms)
		BeginReloadAssembly (196ms)
			ExecutionOrderSort (0ms)
			DisableScriptedObjects (6ms)
			BackupInstance (0ms)
			ReleaseScriptingObjects (0ms)
			CreateAndSetChildDomain (27ms)
		EndReloadAssembly (1634ms)
			LoadAssemblies (115ms)
			RebuildTransferFunctionScriptingTraits (0ms)
			SetupTypeCache (366ms)
			ReleaseScriptCaches (0ms)
			RebuildScriptCaches (53ms)
			SetupLoadedEditorAssemblies (978ms)
				LogAssemblyErrors (0ms)
				InitializePlatformSupportModulesInManaged (466ms)
				SetLoadedEditorAssemblies (2ms)
				RefreshPlugins (2ms)
				BeforeProcessingInitializeOnLoad (159ms)
				ProcessInitializeOnLoadAttributes (329ms)
				ProcessInitializeOnLoadMethodAttributes (12ms)
				AfterProcessingInitializeOnLoad (10ms)
				EditorAssembliesLoaded (0ms)
			ExecutionOrderSort2 (0ms)
			AwakeInstancesAfterBackupRestoration (8ms)
Platform modules already initialized, skipping
========================================================================
Worker process is ready to serve import requests
Launched and connected shader compiler UnityShaderCompiler.exe after 0.07 seconds
Refreshing native plugins compatible for Editor in 0.44 ms, found 2 plugins.
Preloading 0 native plugins for Editor in 0.00 ms.
Unloading 1488 Unused Serialized files (Serialized files now loaded: 0)
System memory in use before: 67.1 MB.
System memory in use after: 67.2 MB.

Unloading 19 unused Assets to reduce memory usage. Loaded Objects now: 1920.
Total: 4.607200 ms (FindLiveObjects: 0.245100 ms CreateObjectMapping: 0.056400 ms MarkObjects: 4.181600 ms  DeleteObjects: 0.122800 ms)

AssetImportParameters requested are different than current active one (requested -> active):
  custom:framework-win-MediaFoundation: 216162199b28c13a410421893ffa2e32 -> 
  custom:video-decoder-ogg-theora: a1e56fd34408186e4bbccfd4996cb3dc -> 
  custom:container-muxer-webm: aa71ff27fc2769a1b78a27578f13a17b -> 
  custom:container-demuxer-webm: 4f35f7cbe854078d1ac9338744f61a02 -> 
  custom:container-demuxer-ogg: 62fdf1f143b41e24485cea50d1cbac27 -> 
  custom:video-encoder-webm-vp8: eb34c28f22e8b96e1ab97ce403110664 -> 
  custom:video-decoder-webm-vp8: 9c59270c3fd7afecdb556c50c9e8de78 -> 
  custom:audio-decoder-ogg-vorbis: bf7c407c2cedff20999df2af8eb42d56 -> 
  custom:audio-encoder-webm-vorbis: bf7c407c2cedff20999df2af8eb42d56 -> 
========================================================================
Received Import Request.
  path: Assets/Scenes/SampleScene.unity
  artifactKey: Guid(9fc0d4010bbf28b4594072e72b8655ab) Importer(815301076,1909f56bfc062723c751e8b465ee728b)
Start importing Assets/Scenes/SampleScene.unity using Guid(9fc0d4010bbf28b4594072e72b8655ab) Importer(815301076,1909f56bfc062723c751e8b465ee728b)  -> (artifact id: '85059f4f9e1a832ed95adaa0d25c5c4c') in 0.017475 seconds 
  Import took 0.020510 seconds .

========================================================================
Received Import Request.
  Time since last request: 6.257880 seconds.
  path: Assets/Scenes/Main.unity
  artifactKey: Guid(777a29ffb815963428eac2575d9e5aee) Importer(815301076,1909f56bfc062723c751e8b465ee728b)
Start importing Assets/Scenes/Main.unity using Guid(777a29ffb815963428eac2575d9e5aee) Importer(815301076,1909f56bfc062723c751e8b465ee728b)  -> (artifact id: '861f9316213fcba7d1372371e2a1a462') in 0.006588 seconds 
  Import took 0.011033 seconds .

========================================================================
Received Import Request.
  Time since last request: 15.823305 seconds.
  path: Assets/Scenes/Start.unity
  artifactKey: Guid(fc307225dc05a4444bd3e46cf27b3f9e) Importer(815301076,1909f56bfc062723c751e8b465ee728b)
Start importing Assets/Scenes/Start.unity using Guid(fc307225dc05a4444bd3e46cf27b3f9e) Importer(815301076,1909f56bfc062723c751e8b465ee728b)  -> (artifact id: 'bbbfbe089c02e496138facf0d0454063') in 0.006851 seconds 
  Import took 0.011314 seconds .

========================================================================
Received Import Request.
  Time since last request: 3.300167 seconds.
  path: Assets/Scenes
  artifactKey: Guid(93e7be40bac442f458513b4ab4c782ce) Importer(815301076,1909f56bfc062723c751e8b465ee728b)
Start importing Assets/Scenes using Guid(93e7be40bac442f458513b4ab4c782ce) Importer(815301076,1909f56bfc062723c751e8b465ee728b)  -> (artifact id: '8584f7362c79da33967e641c65e701ea') in 0.008295 seconds 
  Import took 0.012960 seconds .

========================================================================
Received Import Request.
  Time since last request: 9.446532 seconds.
  path: Assets/Scenes/GameOver.unity
  artifactKey: Guid(08a4dbffb13f4e24fb4d8f41ecd2d997) Importer(815301076,1909f56bfc062723c751e8b465ee728b)
Start importing Assets/Scenes/GameOver.unity using Guid(08a4dbffb13f4e24fb4d8f41ecd2d997) Importer(815301076,1909f56bfc062723c751e8b465ee728b)  -> (artifact id: '79c326c2421e7335674972c19276615c') in 0.007580 seconds 
  Import took 0.011586 seconds .

========================================================================
Received Import Request.
  Time since last request: 520.301660 seconds.
  path: Assets/Fonts/pac-font.ttf
  artifactKey: Guid(5a08e061df11698478dc9f2cdf3b52c8) Importer(815301076,1909f56bfc062723c751e8b465ee728b)
Start importing Assets/Fonts/pac-font.ttf using Guid(5a08e061df11698478dc9f2cdf3b52c8) Importer(815301076,1909f56bfc062723c751e8b465ee728b)  -> (artifact id: '4fd6ad09013d29393d1d7528cae70014') in 0.266544 seconds 
  Import took 0.272090 seconds .

========================================================================
Received Import Request.
  Time since last request: 0.000557 seconds.
  path: Assets/Fonts/Retro Gaming.ttf
  artifactKey: Guid(752c60e804f1cc3468c36b0df4542570) Importer(815301076,1909f56bfc062723c751e8b465ee728b)
Start importing Assets/Fonts/Retro Gaming.ttf using Guid(752c60e804f1cc3468c36b0df4542570) Importer(815301076,1909f56bfc062723c751e8b465ee728b)  -> (artifact id: '42aecd4fca371629e84c0935ee07ced6') in 0.041959 seconds 
  Import took 0.045546 seconds .

========================================================================
Received Import Request.
  Time since last request: 2337.964994 seconds.
  path: Assets/TextMesh Pro/Resources/Fonts & Materials/LiberationSans SDF.asset
  artifactKey: Guid(8f586378b4e144a9851e7b34d9b748ee) Importer(815301076,1909f56bfc062723c751e8b465ee728b)
Start importing Assets/TextMesh Pro/Resources/Fonts & Materials/LiberationSans SDF.asset using Guid(8f586378b4e144a9851e7b34d9b748ee) Importer(815301076,1909f56bfc062723c751e8b465ee728b)  -> (artifact id: 'f1280cc7be10b532b2897fc8654f95d3') in 0.125380 seconds 
  Import took 0.130234 seconds .

========================================================================
Received Import Request.
  Time since last request: 0.000579 seconds.
  path: Assets/TextMesh Pro/Resources/Fonts & Materials/LiberationSans SDF - Fallback.asset
  artifactKey: Guid(2e498d1c8094910479dc3e1b768306a4) Importer(815301076,1909f56bfc062723c751e8b465ee728b)
Start importing Assets/TextMesh Pro/Resources/Fonts & Materials/LiberationSans SDF - Fallback.asset using Guid(2e498d1c8094910479dc3e1b768306a4) Importer(815301076,1909f56bfc062723c751e8b465ee728b)  -> (artifact id: 'b8c2210586957436df79bf961aeff06e') in 0.035729 seconds 
  Import took 0.039991 seconds .

========================================================================
Received Import Request.
  Time since last request: 63.899160 seconds.
  path: Assets/TextMesh Pro/Sprites/EmojiOne.png
  artifactKey: Guid(dffef66376be4fa480fb02b19edbe903) Importer(815301076,1909f56bfc062723c751e8b465ee728b)
Start importing Assets/TextMesh Pro/Sprites/EmojiOne.png using Guid(dffef66376be4fa480fb02b19edbe903) Importer(815301076,1909f56bfc062723c751e8b465ee728b)  -> (artifact id: 'd78a27303d38c5bc73b55289faa0930d') in 0.088462 seconds 
  Import took 0.092472 seconds .

========================================================================
Received Import Request.
  Time since last request: 0.000691 seconds.
  path: Assets/Images/pac-man-party.png
  artifactKey: Guid(f161fcbe82063694ab9701bd88f002f4) Importer(815301076,1909f56bfc062723c751e8b465ee728b)
Start importing Assets/Images/pac-man-party.png using Guid(f161fcbe82063694ab9701bd88f002f4) Importer(815301076,1909f56bfc062723c751e8b465ee728b)  -> (artifact id: 'af07d38dee27b20e44347e7872fe1903') in 1.054744 seconds 
  Import took 1.060879 seconds .

========================================================================
Received Import Request.
  Time since last request: 0.000727 seconds.
  path: Assets/Images/pixel-pac-man-chase-ghost.png
  artifactKey: Guid(2dfa0c936b69822458bdb967b1e5e830) Importer(815301076,1909f56bfc062723c751e8b465ee728b)
Start importing Assets/Images/pixel-pac-man-chase-ghost.png using Guid(2dfa0c936b69822458bdb967b1e5e830) Importer(815301076,1909f56bfc062723c751e8b465ee728b)  -> (artifact id: 'bb813fbf0a676e5c1ded52b258ceca46') in 0.019517 seconds 
  Import took 0.026747 seconds .

========================================================================
Received Import Request.
  Time since last request: 0.000689 seconds.
  path: Assets/Images/maze-pacman-board-black-and-white.png
  artifactKey: Guid(480049fb43e9bdd468df51e404406fdb) Importer(815301076,1909f56bfc062723c751e8b465ee728b)
Start importing Assets/Images/maze-pacman-board-black-and-white.png using Guid(480049fb43e9bdd468df51e404406fdb) Importer(815301076,1909f56bfc062723c751e8b465ee728b)  -> (artifact id: 'e806c339aac06b7037038b1260449884') in 0.017517 seconds 
  Import took 0.022204 seconds .

========================================================================
Received Import Request.
  Time since last request: 0.000979 seconds.
  path: Assets/Images/maze-pacman.png
  artifactKey: Guid(3c725bab7806f8248aba931247a2729c) Importer(815301076,1909f56bfc062723c751e8b465ee728b)
Start importing Assets/Images/maze-pacman.png using Guid(3c725bab7806f8248aba931247a2729c) Importer(815301076,1909f56bfc062723c751e8b465ee728b)  -> (artifact id: '8e097fe58e0ee5d64846750f23ccce22') in 0.014447 seconds 
  Import took 0.020173 seconds .

========================================================================
Received Import Request.
  Time since last request: 0.000779 seconds.
  path: Assets/Images/pixel-ghost-catch-pac-man.png
  artifactKey: Guid(e895b868456d4914d891328d49411662) Importer(815301076,1909f56bfc062723c751e8b465ee728b)
Start importing Assets/Images/pixel-ghost-catch-pac-man.png using Guid(e895b868456d4914d891328d49411662) Importer(815301076,1909f56bfc062723c751e8b465ee728b)  -> (artifact id: 'e7258c45993f0dabd7b9bd09ed832b03') in 0.014500 seconds 
  Import took 0.018931 seconds .

========================================================================
Received Import Request.
  Time since last request: 0.000887 seconds.
  path: Assets/Images/pac-man-game-maze.jpg
  artifactKey: Guid(2a800cf0669a42447a54a9285228f455) Importer(815301076,1909f56bfc062723c751e8b465ee728b)
Start importing Assets/Images/pac-man-game-maze.jpg using Guid(2a800cf0669a42447a54a9285228f455) Importer(815301076,1909f56bfc062723c751e8b465ee728b)  -> (artifact id: '4ee8fe5f8111a129f3eaea88b3df9644') in 0.022450 seconds 
  Import took 0.027753 seconds .

========================================================================
Received Import Request.
  Time since last request: 0.000608 seconds.
  path: Assets/Images/ms-pac-man-mazes.png
  artifactKey: Guid(cf7b4bbbf3d0eb0448f383ac96b85ee9) Importer(815301076,1909f56bfc062723c751e8b465ee728b)
Start importing Assets/Images/ms-pac-man-mazes.png using Guid(cf7b4bbbf3d0eb0448f383ac96b85ee9) Importer(815301076,1909f56bfc062723c751e8b465ee728b)  -> (artifact id: '911cbad3f883ec1581a57dc1b2527c05') in 0.017107 seconds 
  Import took 0.021344 seconds .

========================================================================
Received Import Request.
  Time since last request: 0.000634 seconds.
  path: Assets/Images/pixel-pac-man-cherry.png
  artifactKey: Guid(988e6ba29c566874ab1cbab8f077302a) Importer(815301076,1909f56bfc062723c751e8b465ee728b)
Start importing Assets/Images/pixel-pac-man-cherry.png using Guid(988e6ba29c566874ab1cbab8f077302a) Importer(815301076,1909f56bfc062723c751e8b465ee728b)  -> (artifact id: '0df595e06963ff2ab5e51311db07afee') in 0.018624 seconds 
  Import took 0.023179 seconds .

========================================================================
Received Import Request.
  Time since last request: 0.001454 seconds.
  path: Assets/Images/pixel-pac-man-eats-pellets.png
  artifactKey: Guid(77d9ddf0c7f0d324ba6c5c29ba7e6b2a) Importer(815301076,1909f56bfc062723c751e8b465ee728b)
Start importing Assets/Images/pixel-pac-man-eats-pellets.png using Guid(77d9ddf0c7f0d324ba6c5c29ba7e6b2a) Importer(815301076,1909f56bfc062723c751e8b465ee728b)  -> (artifact id: '926fe6e54c5285c5d32067c953c31fc0') in 0.015482 seconds 
  Import took 0.020278 seconds .

========================================================================
Received Import Request.
  Time since last request: 0.000629 seconds.
  path: Assets/Images/pixel-pac-man-ate-ghost.png
  artifactKey: Guid(3d1d48168a7c00b4084b23b1def52ffc) Importer(815301076,1909f56bfc062723c751e8b465ee728b)
Start importing Assets/Images/pixel-pac-man-ate-ghost.png using Guid(3d1d48168a7c00b4084b23b1def52ffc) Importer(815301076,1909f56bfc062723c751e8b465ee728b)  -> (artifact id: 'aed7b164420250705fdc8b1454d6bae0') in 0.014989 seconds 
  Import took 0.020004 seconds .

========================================================================
Received Import Request.
  Time since last request: 2.325919 seconds.
  path: Assets/Images/pixel-three-pac-men.png
  artifactKey: Guid(f65566bf9e86d4446b6ce8e0576c3182) Importer(815301076,1909f56bfc062723c751e8b465ee728b)
Start importing Assets/Images/pixel-three-pac-men.png using Guid(f65566bf9e86d4446b6ce8e0576c3182) Importer(815301076,1909f56bfc062723c751e8b465ee728b)  -> (artifact id: 'd5141fb8f3bbf9ed6b7c82d4e92ed061') in 0.021880 seconds 
  Import took 0.027214 seconds .

========================================================================
Received Import Request.
  Time since last request: 0.000874 seconds.
  path: Assets/Images/unnamed.jpg
  artifactKey: Guid(ed102c4f40da4d14b9e6aac99cffeaf9) Importer(815301076,1909f56bfc062723c751e8b465ee728b)
Start importing Assets/Images/unnamed.jpg using Guid(ed102c4f40da4d14b9e6aac99cffeaf9) Importer(815301076,1909f56bfc062723c751e8b465ee728b)  -> (artifact id: 'b8526c5d817b216adafecea5bb22368a') in 0.021678 seconds 
  Import took 0.027815 seconds .

========================================================================
Received Prepare
Registering precompiled user dll's ...
Registered in 0.007595 seconds.
Begin MonoManager ReloadAssembly
Native extension for WindowsStandalone target not found
Refreshing native plugins compatible for Editor in 0.44 ms, found 2 plugins.
Preloading 0 native plugins for Editor in 0.00 ms.
Mono: successfully reloaded assembly
- Completed reload, in  1.350 seconds
Domain Reload Profiling:
	ReloadAssembly (1350ms)
		BeginReloadAssembly (159ms)
			ExecutionOrderSort (0ms)
			DisableScriptedObjects (6ms)
			BackupInstance (0ms)
			ReleaseScriptingObjects (0ms)
			CreateAndSetChildDomain (55ms)
		EndReloadAssembly (1096ms)
			LoadAssemblies (119ms)
			RebuildTransferFunctionScriptingTraits (0ms)
			SetupTypeCache (386ms)
			ReleaseScriptCaches (1ms)
			RebuildScriptCaches (51ms)
			SetupLoadedEditorAssemblies (408ms)
				LogAssemblyErrors (0ms)
				InitializePlatformSupportModulesInManaged (6ms)
				SetLoadedEditorAssemblies (1ms)
				RefreshPlugins (1ms)
				BeforeProcessingInitializeOnLoad (109ms)
				ProcessInitializeOnLoadAttributes (264ms)
				ProcessInitializeOnLoadMethodAttributes (14ms)
				AfterProcessingInitializeOnLoad (13ms)
				EditorAssembliesLoaded (0ms)
			ExecutionOrderSort2 (0ms)
			AwakeInstancesAfterBackupRestoration (10ms)
Platform modules already initialized, skipping
Refreshing native plugins compatible for Editor in 0.52 ms, found 2 plugins.
Preloading 0 native plugins for Editor in 0.00 ms.
Unloading 1495 Unused Serialized files (Serialized files now loaded: 0)
System memory in use before: 72.6 MB.
System memory in use after: 72.1 MB.

Unloading 26 unused Assets to reduce memory usage. Loaded Objects now: 1970.
Total: 5.230900 ms (FindLiveObjects: 0.244400 ms CreateObjectMapping: 0.049300 ms MarkObjects: 4.323000 ms  DeleteObjects: 0.612500 ms)

AssetImportParameters requested are different than current active one (requested -> active):
  custom:framework-win-MediaFoundation: 216162199b28c13a410421893ffa2e32 -> 
  custom:video-decoder-ogg-theora: a1e56fd34408186e4bbccfd4996cb3dc -> 
  custom:container-muxer-webm: aa71ff27fc2769a1b78a27578f13a17b -> 
  custom:container-demuxer-webm: 4f35f7cbe854078d1ac9338744f61a02 -> 
  custom:container-demuxer-ogg: 62fdf1f143b41e24485cea50d1cbac27 -> 
  custom:video-encoder-webm-vp8: eb34c28f22e8b96e1ab97ce403110664 -> 
  custom:video-decoder-webm-vp8: 9c59270c3fd7afecdb556c50c9e8de78 -> 
  custom:audio-decoder-ogg-vorbis: bf7c407c2cedff20999df2af8eb42d56 -> 
  custom:audio-encoder-webm-vorbis: bf7c407c2cedff20999df2af8eb42d56 -> 
========================================================================
Received Import Request.
  Time since last request: 147.531528 seconds.
  path: Assets/TextMesh Pro/Fonts/LiberationSans.ttf
  artifactKey: Guid(e3265ab4bf004d28a9537516768c1c75) Importer(815301076,1909f56bfc062723c751e8b465ee728b)
Start importing Assets/TextMesh Pro/Fonts/LiberationSans.ttf using Guid(e3265ab4bf004d28a9537516768c1c75) Importer(815301076,1909f56bfc062723c751e8b465ee728b)  -> (artifact id: 'bdddd331c3f1b7826858a8d92db67e39') in 0.143768 seconds 
  Import took 0.148093 seconds .

========================================================================
Received Import Request.
  Time since last request: 25.905697 seconds.
  path: Assets/Fonts/Pac-Man font.asset
  artifactKey: Guid(0c7e485ab17e4824ca13a2a477f7c8be) Importer(815301076,1909f56bfc062723c751e8b465ee728b)
Start importing Assets/Fonts/Pac-Man font.asset using Guid(0c7e485ab17e4824ca13a2a477f7c8be) Importer(815301076,1909f56bfc062723c751e8b465ee728b)  -> (artifact id: 'f5a64a4dc04865ddde5e20fec1e87894') in 0.066814 seconds 
  Import took 0.071433 seconds .

========================================================================
Received Import Request.
  Time since last request: 22.242175 seconds.
  path: Assets/Fonts/Retro Gaming Font.asset
  artifactKey: Guid(ecddf3fde1e185e4e9ac7c37c9537540) Importer(815301076,1909f56bfc062723c751e8b465ee728b)
Start importing Assets/Fonts/Retro Gaming Font.asset using Guid(ecddf3fde1e185e4e9ac7c37c9537540) Importer(815301076,1909f56bfc062723c751e8b465ee728b)  -> (artifact id: 'e0463760e77ccf127dd351f82ef8d8bb') in 0.040779 seconds 
  Import took 0.045458 seconds .

========================================================================
Received Import Request.
  Time since last request: 63.615089 seconds.
  path: Assets/TextMesh Pro/Resources/Fonts & Materials/LiberationSans SDF - Drop Shadow.mat
  artifactKey: Guid(e73a58f6e2794ae7b1b7e50b7fb811b0) Importer(815301076,1909f56bfc062723c751e8b465ee728b)
Start importing Assets/TextMesh Pro/Resources/Fonts & Materials/LiberationSans SDF - Drop Shadow.mat using Guid(e73a58f6e2794ae7b1b7e50b7fb811b0) Importer(815301076,1909f56bfc062723c751e8b465ee728b)  -> (artifact id: 'ca0d2861f60500f05bd29199894f7bb5') in 0.185302 seconds 
  Import took 0.189928 seconds .

========================================================================
Received Import Request.
  Time since last request: 0.000905 seconds.
  path: Assets/TextMesh Pro/Resources/Fonts & Materials/LiberationSans SDF - Outline.mat
  artifactKey: Guid(79459efec17a4d00a321bdcc27bbc385) Importer(815301076,1909f56bfc062723c751e8b465ee728b)
Start importing Assets/TextMesh Pro/Resources/Fonts & Materials/LiberationSans SDF - Outline.mat using Guid(79459efec17a4d00a321bdcc27bbc385) Importer(815301076,1909f56bfc062723c751e8b465ee728b)  -> (artifact id: '289988fcecf3b00d1602f8d2b589f7dd') in 0.147469 seconds 
  Import took 0.153793 seconds .

========================================================================
Received Import Request.
  Time since last request: 264.589144 seconds.
  path: Assets/Fonts/Retro Gaming Font.asset
  artifactKey: Guid(ecddf3fde1e185e4e9ac7c37c9537540) Importer(815301076,1909f56bfc062723c751e8b465ee728b)
Start importing Assets/Fonts/Retro Gaming Font.asset using Guid(ecddf3fde1e185e4e9ac7c37c9537540) Importer(815301076,1909f56bfc062723c751e8b465ee728b)  -> (artifact id: '685c61fbefd2c1a4202a1d979b1af186') in 0.045468 seconds 
  Import took 0.049673 seconds .

========================================================================
Received Prepare
Registering precompiled user dll's ...
Registered in 0.012221 seconds.
Begin MonoManager ReloadAssembly
Native extension for WindowsStandalone target not found
Refreshing native plugins compatible for Editor in 52.80 ms, found 2 plugins.
Preloading 0 native plugins for Editor in 0.00 ms.
Mono: successfully reloaded assembly
- Completed reload, in  1.632 seconds
Domain Reload Profiling:
	ReloadAssembly (1633ms)
		BeginReloadAssembly (168ms)
			ExecutionOrderSort (0ms)
			DisableScriptedObjects (7ms)
			BackupInstance (0ms)
			ReleaseScriptingObjects (0ms)
			CreateAndSetChildDomain (62ms)
		EndReloadAssembly (1366ms)
			LoadAssemblies (179ms)
			RebuildTransferFunctionScriptingTraits (0ms)
			SetupTypeCache (494ms)
			ReleaseScriptCaches (2ms)
			RebuildScriptCaches (60ms)
			SetupLoadedEditorAssemblies (433ms)
				LogAssemblyErrors (0ms)
				InitializePlatformSupportModulesInManaged (6ms)
				SetLoadedEditorAssemblies (0ms)
				RefreshPlugins (53ms)
				BeforeProcessingInitializeOnLoad (84ms)
				ProcessInitializeOnLoadAttributes (260ms)
				ProcessInitializeOnLoadMethodAttributes (19ms)
				AfterProcessingInitializeOnLoad (11ms)
				EditorAssembliesLoaded (0ms)
			ExecutionOrderSort2 (0ms)
			AwakeInstancesAfterBackupRestoration (12ms)
Platform modules already initialized, skipping
Refreshing native plugins compatible for Editor in 0.48 ms, found 2 plugins.
Preloading 0 native plugins for Editor in 0.00 ms.
Unloading 1602 Unused Serialized files (Serialized files now loaded: 0)
System memory in use before: 77.0 MB.
System memory in use after: 76.5 MB.

Unloading 25 unused Assets to reduce memory usage. Loaded Objects now: 2083.
Total: 5.110300 ms (FindLiveObjects: 0.262800 ms CreateObjectMapping: 0.060400 ms MarkObjects: 4.435600 ms  DeleteObjects: 0.349500 ms)

AssetImportParameters requested are different than current active one (requested -> active):
  custom:framework-win-MediaFoundation: 216162199b28c13a410421893ffa2e32 -> 
  custom:video-decoder-ogg-theora: a1e56fd34408186e4bbccfd4996cb3dc -> 
  custom:container-muxer-webm: aa71ff27fc2769a1b78a27578f13a17b -> 
  custom:container-demuxer-webm: 4f35f7cbe854078d1ac9338744f61a02 -> 
  custom:container-demuxer-ogg: 62fdf1f143b41e24485cea50d1cbac27 -> 
  custom:video-encoder-webm-vp8: eb34c28f22e8b96e1ab97ce403110664 -> 
  custom:video-decoder-webm-vp8: 9c59270c3fd7afecdb556c50c9e8de78 -> 
  custom:audio-decoder-ogg-vorbis: bf7c407c2cedff20999df2af8eb42d56 -> 
  custom:audio-encoder-webm-vorbis: bf7c407c2cedff20999df2af8eb42d56 -> 
========================================================================
Received Prepare
Registering precompiled user dll's ...
Registered in 0.011700 seconds.
Begin MonoManager ReloadAssembly
Native extension for WindowsStandalone target not found
Refreshing native plugins compatible for Editor in 0.67 ms, found 2 plugins.
Preloading 0 native plugins for Editor in 0.00 ms.
Mono: successfully reloaded assembly
- Completed reload, in  1.348 seconds
Domain Reload Profiling:
	ReloadAssembly (1348ms)
		BeginReloadAssembly (154ms)
			ExecutionOrderSort (0ms)
			DisableScriptedObjects (6ms)
			BackupInstance (0ms)
			ReleaseScriptingObjects (0ms)
			CreateAndSetChildDomain (49ms)
		EndReloadAssembly (1111ms)
			LoadAssemblies (121ms)
			RebuildTransferFunctionScriptingTraits (0ms)
			SetupTypeCache (382ms)
			ReleaseScriptCaches (1ms)
			RebuildScriptCaches (51ms)
			SetupLoadedEditorAssemblies (403ms)
				LogAssemblyErrors (0ms)
				InitializePlatformSupportModulesInManaged (6ms)
				SetLoadedEditorAssemblies (1ms)
				RefreshPlugins (1ms)
				BeforeProcessingInitializeOnLoad (115ms)
				ProcessInitializeOnLoadAttributes (254ms)
				ProcessInitializeOnLoadMethodAttributes (16ms)
				AfterProcessingInitializeOnLoad (11ms)
				EditorAssembliesLoaded (0ms)
			ExecutionOrderSort2 (0ms)
			AwakeInstancesAfterBackupRestoration (12ms)
Platform modules already initialized, skipping
Refreshing native plugins compatible for Editor in 0.64 ms, found 2 plugins.
Preloading 0 native plugins for Editor in 0.00 ms.
Unloading 1962 Unused Serialized files (Serialized files now loaded: 0)
System memory in use before: 91.7 MB.
System memory in use after: 89.2 MB.

Unloading 48 unused Assets to reduce memory usage. Loaded Objects now: 2424.
Total: 8.284800 ms (FindLiveObjects: 0.884900 ms CreateObjectMapping: 0.334600 ms MarkObjects: 5.136400 ms  DeleteObjects: 1.927400 ms)

AssetImportParameters requested are different than current active one (requested -> active):
  custom:framework-win-MediaFoundation: 216162199b28c13a410421893ffa2e32 -> 
  custom:video-decoder-ogg-theora: a1e56fd34408186e4bbccfd4996cb3dc -> 
  custom:container-muxer-webm: aa71ff27fc2769a1b78a27578f13a17b -> 
  custom:container-demuxer-webm: 4f35f7cbe854078d1ac9338744f61a02 -> 
  custom:container-demuxer-ogg: 62fdf1f143b41e24485cea50d1cbac27 -> 
  custom:video-encoder-webm-vp8: eb34c28f22e8b96e1ab97ce403110664 -> 
  custom:video-decoder-webm-vp8: 9c59270c3fd7afecdb556c50c9e8de78 -> 
  custom:audio-decoder-ogg-vorbis: bf7c407c2cedff20999df2af8eb42d56 -> 
  custom:audio-encoder-webm-vorbis: bf7c407c2cedff20999df2af8eb42d56 -> 
========================================================================
Received Import Request.
  Time since last request: 543.121109 seconds.
  path: Assets/Images/maze-pacman-board-black-and-white.png
  artifactKey: Guid(480049fb43e9bdd468df51e404406fdb) Importer(815301076,1909f56bfc062723c751e8b465ee728b)
Start importing Assets/Images/maze-pacman-board-black-and-white.png using Guid(480049fb43e9bdd468df51e404406fdb) Importer(815301076,1909f56bfc062723c751e8b465ee728b)  -> (artifact id: 'bba8ec864269da51f2d9adc6f401a715') in 0.133907 seconds 
  Import took 0.139416 seconds .

========================================================================
Received Import Request.
  Time since last request: 0.000528 seconds.
  path: Assets/Images/pac-man-party.png
  artifactKey: Guid(f161fcbe82063694ab9701bd88f002f4) Importer(815301076,1909f56bfc062723c751e8b465ee728b)
Start importing Assets/Images/pac-man-party.png using Guid(f161fcbe82063694ab9701bd88f002f4) Importer(815301076,1909f56bfc062723c751e8b465ee728b)  -> (artifact id: 'c7abbc20894b04e7e5446e227db4b083') in 0.019079 seconds 
  Import took 0.035318 seconds .

========================================================================
Received Import Request.
  Time since last request: 0.001734 seconds.
  path: Assets/Images/pixel-pac-man-chase-ghost.png
  artifactKey: Guid(2dfa0c936b69822458bdb967b1e5e830) Importer(815301076,1909f56bfc062723c751e8b465ee728b)
Start importing Assets/Images/pixel-pac-man-chase-ghost.png using Guid(2dfa0c936b69822458bdb967b1e5e830) Importer(815301076,1909f56bfc062723c751e8b465ee728b)  -> (artifact id: 'c6caac628ee03e046609c5835ea9f288') in 0.014486 seconds 
  Import took 0.023217 seconds .

========================================================================
Received Import Request.
  Time since last request: 0.000728 seconds.
  path: Assets/Images/maze-pacman.png
  artifactKey: Guid(3c725bab7806f8248aba931247a2729c) Importer(815301076,1909f56bfc062723c751e8b465ee728b)
Start importing Assets/Images/maze-pacman.png using Guid(3c725bab7806f8248aba931247a2729c) Importer(815301076,1909f56bfc062723c751e8b465ee728b)  -> (artifact id: 'de6bc64640ae6d024da836ee5511887a') in 0.027456 seconds 
  Import took 0.033820 seconds .

========================================================================
Received Import Request.
  Time since last request: 0.001240 seconds.
  path: Assets/Images/unnamed.jpg
  artifactKey: Guid(ed102c4f40da4d14b9e6aac99cffeaf9) Importer(815301076,1909f56bfc062723c751e8b465ee728b)
Start importing Assets/Images/unnamed.jpg using Guid(ed102c4f40da4d14b9e6aac99cffeaf9) Importer(815301076,1909f56bfc062723c751e8b465ee728b)  -> (artifact id: '109100d09b0f9d7286eb63995375c872') in 0.036952 seconds 
  Import took 0.045412 seconds .

========================================================================
Received Import Request.
  Time since last request: 0.001047 seconds.
  path: Assets/Images/pixel-ghost-catch-pac-man.png
  artifactKey: Guid(e895b868456d4914d891328d49411662) Importer(815301076,1909f56bfc062723c751e8b465ee728b)
Start importing Assets/Images/pixel-ghost-catch-pac-man.png using Guid(e895b868456d4914d891328d49411662) Importer(815301076,1909f56bfc062723c751e8b465ee728b)  -> (artifact id: '12e7eb9e9f2e782b1791d1571a442d2e') in 0.040825 seconds 
  Import took 0.053701 seconds .

========================================================================
Received Import Request.
  Time since last request: 0.001324 seconds.
  path: Assets/Images/pixel-three-pac-men.png
  artifactKey: Guid(f65566bf9e86d4446b6ce8e0576c3182) Importer(815301076,1909f56bfc062723c751e8b465ee728b)
Start importing Assets/Images/pixel-three-pac-men.png using Guid(f65566bf9e86d4446b6ce8e0576c3182) Importer(815301076,1909f56bfc062723c751e8b465ee728b)  -> (artifact id: '920366e297814b0be76937772334e6a6') in 0.042336 seconds 
  Import took 0.051358 seconds .

========================================================================
Received Import Request.
  Time since last request: 0.000472 seconds.
  path: Assets/Images/pac-man-game-maze.jpg
  artifactKey: Guid(2a800cf0669a42447a54a9285228f455) Importer(815301076,1909f56bfc062723c751e8b465ee728b)
Start importing Assets/Images/pac-man-game-maze.jpg using Guid(2a800cf0669a42447a54a9285228f455) Importer(815301076,1909f56bfc062723c751e8b465ee728b)  -> (artifact id: '3272ea12b65a4c9ca84ac2d93c36f997') in 0.022969 seconds 
  Import took 0.031837 seconds .

========================================================================
Received Import Request.
  Time since last request: 0.000568 seconds.
  path: Assets/Images/ms-pac-man-mazes.png
  artifactKey: Guid(cf7b4bbbf3d0eb0448f383ac96b85ee9) Importer(815301076,1909f56bfc062723c751e8b465ee728b)
Start importing Assets/Images/ms-pac-man-mazes.png using Guid(cf7b4bbbf3d0eb0448f383ac96b85ee9) Importer(815301076,1909f56bfc062723c751e8b465ee728b)  -> (artifact id: '517b6711a4ed9eadc670c0e50a7bf6dd') in 0.022043 seconds 
  Import took 0.027827 seconds .

========================================================================
Received Import Request.
  Time since last request: 0.000682 seconds.
  path: Assets/Images/pixel-pac-man-cherry.png
  artifactKey: Guid(988e6ba29c566874ab1cbab8f077302a) Importer(815301076,1909f56bfc062723c751e8b465ee728b)
Start importing Assets/Images/pixel-pac-man-cherry.png using Guid(988e6ba29c566874ab1cbab8f077302a) Importer(815301076,1909f56bfc062723c751e8b465ee728b)  -> (artifact id: 'b20b6066beebe75111c6c2520c92bfdd') in 0.022120 seconds 
  Import took 0.030782 seconds .

========================================================================
Received Import Request.
  Time since last request: 0.000825 seconds.
  path: Assets/Images/pixel-pac-man-eats-pellets.png
  artifactKey: Guid(77d9ddf0c7f0d324ba6c5c29ba7e6b2a) Importer(815301076,1909f56bfc062723c751e8b465ee728b)
Start importing Assets/Images/pixel-pac-man-eats-pellets.png using Guid(77d9ddf0c7f0d324ba6c5c29ba7e6b2a) Importer(815301076,1909f56bfc062723c751e8b465ee728b)  -> (artifact id: 'd4ed7bea340afe1a86974af9389ccd83') in 0.018926 seconds 
  Import took 0.024526 seconds .

========================================================================
Received Import Request.
  Time since last request: 0.000877 seconds.
  path: Assets/Images/pixel-pac-man-ate-ghost.png
  artifactKey: Guid(3d1d48168a7c00b4084b23b1def52ffc) Importer(815301076,1909f56bfc062723c751e8b465ee728b)
Start importing Assets/Images/pixel-pac-man-ate-ghost.png using Guid(3d1d48168a7c00b4084b23b1def52ffc) Importer(815301076,1909f56bfc062723c751e8b465ee728b)  -> (artifact id: 'a8fe5a4d732245610329e7eaf08c2e6c') in 0.016294 seconds 
  Import took 0.024458 seconds .

========================================================================
Received Prepare
Registering precompiled user dll's ...
Registered in 0.006207 seconds.
Begin MonoManager ReloadAssembly
Native extension for WindowsStandalone target not found
Refreshing native plugins compatible for Editor in 0.62 ms, found 2 plugins.
Preloading 0 native plugins for Editor in 0.00 ms.
Mono: successfully reloaded assembly
- Completed reload, in  1.357 seconds
Domain Reload Profiling:
	ReloadAssembly (1357ms)
		BeginReloadAssembly (160ms)
			ExecutionOrderSort (0ms)
			DisableScriptedObjects (5ms)
			BackupInstance (0ms)
			ReleaseScriptingObjects (0ms)
			CreateAndSetChildDomain (52ms)
		EndReloadAssembly (1114ms)
			LoadAssemblies (119ms)
			RebuildTransferFunctionScriptingTraits (0ms)
			SetupTypeCache (397ms)
			ReleaseScriptCaches (2ms)
			RebuildScriptCaches (52ms)
			SetupLoadedEditorAssemblies (420ms)
				LogAssemblyErrors (0ms)
				InitializePlatformSupportModulesInManaged (7ms)
				SetLoadedEditorAssemblies (1ms)
				RefreshPlugins (1ms)
				BeforeProcessingInitializeOnLoad (115ms)
				ProcessInitializeOnLoadAttributes (270ms)
				ProcessInitializeOnLoadMethodAttributes (17ms)
				AfterProcessingInitializeOnLoad (10ms)
				EditorAssembliesLoaded (0ms)
			ExecutionOrderSort2 (0ms)
			AwakeInstancesAfterBackupRestoration (8ms)
Platform modules already initialized, skipping
Refreshing native plugins compatible for Editor in 0.59 ms, found 2 plugins.
Preloading 0 native plugins for Editor in 0.00 ms.
Unloading 2067 Unused Serialized files (Serialized files now loaded: 0)
System memory in use before: 94.9 MB.
System memory in use after: 92.3 MB.

Unloading 52 unused Assets to reduce memory usage. Loaded Objects now: 2528.
Total: 6.740800 ms (FindLiveObjects: 0.307700 ms CreateObjectMapping: 0.103200 ms MarkObjects: 4.169600 ms  DeleteObjects: 2.159000 ms)

AssetImportParameters requested are different than current active one (requested -> active):
  custom:framework-win-MediaFoundation: 216162199b28c13a410421893ffa2e32 -> 
  custom:video-decoder-ogg-theora: a1e56fd34408186e4bbccfd4996cb3dc -> 
  custom:container-muxer-webm: aa71ff27fc2769a1b78a27578f13a17b -> 
  custom:container-demuxer-webm: 4f35f7cbe854078d1ac9338744f61a02 -> 
  custom:container-demuxer-ogg: 62fdf1f143b41e24485cea50d1cbac27 -> 
  custom:video-encoder-webm-vp8: eb34c28f22e8b96e1ab97ce403110664 -> 
  custom:video-decoder-webm-vp8: 9c59270c3fd7afecdb556c50c9e8de78 -> 
  custom:audio-decoder-ogg-vorbis: bf7c407c2cedff20999df2af8eb42d56 -> 
  custom:audio-encoder-webm-vorbis: bf7c407c2cedff20999df2af8eb42d56 -> 
========================================================================
Received Import Request.
  Time since last request: 76.087257 seconds.
  path: Assets/Images/maze-pacman-board-black-and-white.png
  artifactKey: Guid(480049fb43e9bdd468df51e404406fdb) Importer(815301076,1909f56bfc062723c751e8b465ee728b)
Start importing Assets/Images/maze-pacman-board-black-and-white.png using Guid(480049fb43e9bdd468df51e404406fdb) Importer(815301076,1909f56bfc062723c751e8b465ee728b)  -> (artifact id: '8f6cf712165d1617fa3a660f777a4a0b') in 0.065955 seconds 
  Import took 0.072233 seconds .

========================================================================
Received Import Request.
  Time since last request: 0.000643 seconds.
  path: Assets/Images/pac-man-party.png
  artifactKey: Guid(f161fcbe82063694ab9701bd88f002f4) Importer(815301076,1909f56bfc062723c751e8b465ee728b)
Start importing Assets/Images/pac-man-party.png using Guid(f161fcbe82063694ab9701bd88f002f4) Importer(815301076,1909f56bfc062723c751e8b465ee728b)  -> (artifact id: 'fc764db4930a8233cf43403afa47e3e5') in 0.013755 seconds 
  Import took 0.019312 seconds .

========================================================================
Received Import Request.
  Time since last request: 0.000434 seconds.
  path: Assets/Images/pixel-pac-man-chase-ghost.png
  artifactKey: Guid(2dfa0c936b69822458bdb967b1e5e830) Importer(815301076,1909f56bfc062723c751e8b465ee728b)
Start importing Assets/Images/pixel-pac-man-chase-ghost.png using Guid(2dfa0c936b69822458bdb967b1e5e830) Importer(815301076,1909f56bfc062723c751e8b465ee728b)  -> (artifact id: '962b78d9aa4b0e1f4dfb3ba6043233dc') in 0.013311 seconds 
  Import took 0.018478 seconds .

========================================================================
Received Import Request.
  Time since last request: 0.000447 seconds.
  path: Assets/Images/maze-pacman.png
  artifactKey: Guid(3c725bab7806f8248aba931247a2729c) Importer(815301076,1909f56bfc062723c751e8b465ee728b)
Start importing Assets/Images/maze-pacman.png using Guid(3c725bab7806f8248aba931247a2729c) Importer(815301076,1909f56bfc062723c751e8b465ee728b)  -> (artifact id: 'f56d6d9386d30382913fb699018cabf0') in 0.012710 seconds 
  Import took 0.019044 seconds .

========================================================================
Received Import Request.
  Time since last request: 0.000785 seconds.
  path: Assets/Images/unnamed.jpg
  artifactKey: Guid(ed102c4f40da4d14b9e6aac99cffeaf9) Importer(815301076,1909f56bfc062723c751e8b465ee728b)
Start importing Assets/Images/unnamed.jpg using Guid(ed102c4f40da4d14b9e6aac99cffeaf9) Importer(815301076,1909f56bfc062723c751e8b465ee728b)  -> (artifact id: 'd7575e3d2f67065aeb0506e5ebd05d34') in 0.018693 seconds 
  Import took 0.030291 seconds .

========================================================================
Received Import Request.
  Time since last request: 0.001390 seconds.
  path: Assets/Images/pixel-ghost-catch-pac-man.png
  artifactKey: Guid(e895b868456d4914d891328d49411662) Importer(815301076,1909f56bfc062723c751e8b465ee728b)
Start importing Assets/Images/pixel-ghost-catch-pac-man.png using Guid(e895b868456d4914d891328d49411662) Importer(815301076,1909f56bfc062723c751e8b465ee728b)  -> (artifact id: '917f0431edf0c30eb6af4402331a6ba6') in 0.027868 seconds 
  Import took 0.042855 seconds .

========================================================================
Received Import Request.
  Time since last request: 0.000593 seconds.
  path: Assets/Images/pixel-three-pac-men.png
  artifactKey: Guid(f65566bf9e86d4446b6ce8e0576c3182) Importer(815301076,1909f56bfc062723c751e8b465ee728b)
Start importing Assets/Images/pixel-three-pac-men.png using Guid(f65566bf9e86d4446b6ce8e0576c3182) Importer(815301076,1909f56bfc062723c751e8b465ee728b)  -> (artifact id: 'f6c54726fe028400309abf996caa2d10') in 0.062670 seconds 
  Import took 0.078125 seconds .

========================================================================
Received Import Request.
  Time since last request: 0.000187 seconds.
  path: Assets/Images/pac-man-game-maze.jpg
  artifactKey: Guid(2a800cf0669a42447a54a9285228f455) Importer(815301076,1909f56bfc062723c751e8b465ee728b)
Start importing Assets/Images/pac-man-game-maze.jpg using Guid(2a800cf0669a42447a54a9285228f455) Importer(815301076,1909f56bfc062723c751e8b465ee728b)  -> (artifact id: '5ce5328082c93f669c477c290b8bc2f8') in 0.073731 seconds 
  Import took 0.102654 seconds .

========================================================================
Received Import Request.
  Time since last request: 0.001344 seconds.
  path: Assets/Images/ms-pac-man-mazes.png
  artifactKey: Guid(cf7b4bbbf3d0eb0448f383ac96b85ee9) Importer(815301076,1909f56bfc062723c751e8b465ee728b)
Start importing Assets/Images/ms-pac-man-mazes.png using Guid(cf7b4bbbf3d0eb0448f383ac96b85ee9) Importer(815301076,1909f56bfc062723c751e8b465ee728b)  -> (artifact id: 'b255402ba48c917679f068271d9c7d30') in 0.021463 seconds 
  Import took 0.033510 seconds .

========================================================================
Received Import Request.
  Time since last request: 0.001173 seconds.
  path: Assets/Images/pixel-pac-man-cherry.png
  artifactKey: Guid(988e6ba29c566874ab1cbab8f077302a) Importer(815301076,1909f56bfc062723c751e8b465ee728b)
Start importing Assets/Images/pixel-pac-man-cherry.png using Guid(988e6ba29c566874ab1cbab8f077302a) Importer(815301076,1909f56bfc062723c751e8b465ee728b)  -> (artifact id: 'b7caf08700af68d58fc765d1cc036688') in 0.018413 seconds 
  Import took 0.029055 seconds .

========================================================================
Received Import Request.
  Time since last request: 0.000437 seconds.
  path: Assets/Images/pixel-pac-man-eats-pellets.png
  artifactKey: Guid(77d9ddf0c7f0d324ba6c5c29ba7e6b2a) Importer(815301076,1909f56bfc062723c751e8b465ee728b)
Start importing Assets/Images/pixel-pac-man-eats-pellets.png using Guid(77d9ddf0c7f0d324ba6c5c29ba7e6b2a) Importer(815301076,1909f56bfc062723c751e8b465ee728b)  -> (artifact id: 'b774596b4162bb24b44cdc88b061ed54') in 0.024125 seconds 
  Import took 0.030655 seconds .

========================================================================
Received Import Request.
  Time since last request: 0.000961 seconds.
  path: Assets/Images/pixel-pac-man-ate-ghost.png
  artifactKey: Guid(3d1d48168a7c00b4084b23b1def52ffc) Importer(815301076,1909f56bfc062723c751e8b465ee728b)
Start importing Assets/Images/pixel-pac-man-ate-ghost.png using Guid(3d1d48168a7c00b4084b23b1def52ffc) Importer(815301076,1909f56bfc062723c751e8b465ee728b)  -> (artifact id: '63ee3f01741bb5813ea7f649209a4210') in 0.022966 seconds 
  Import took 0.034236 seconds .

========================================================================
Received Import Request.
  Time since last request: 31.196224 seconds.
  path: Assets/Samples/Polybrush/1.0.2/Shader Examples (Standard)
  artifactKey: Guid(dbfbcc0566a0cd44f85cc56db4058b55) Importer(815301076,1909f56bfc062723c751e8b465ee728b)
Start importing Assets/Samples/Polybrush/1.0.2/Shader Examples (Standard) using Guid(dbfbcc0566a0cd44f85cc56db4058b55) Importer(815301076,1909f56bfc062723c751e8b465ee728b)  -> (artifact id: 'f48c22daacc2f1252988c38fd1ac8461') in 0.005368 seconds 
  Import took 0.010264 seconds .

========================================================================
Received Import Request.
  Time since last request: 8.282983 seconds.
  path: Assets/Samples/Polybrush/1.0.2/Shader Examples (Standard)/Shader
  artifactKey: Guid(7902725a0ade57f46868baa1d6e0b146) Importer(815301076,1909f56bfc062723c751e8b465ee728b)
Start importing Assets/Samples/Polybrush/1.0.2/Shader Examples (Standard)/Shader using Guid(7902725a0ade57f46868baa1d6e0b146) Importer(815301076,1909f56bfc062723c751e8b465ee728b)  -> (artifact id: 'e974402d6bd0d00c8c167b2d71d7807f') in 0.005956 seconds 
  Import took 0.012861 seconds .

========================================================================
Received Import Request.
  Time since last request: 1.087313 seconds.
  path: Assets/Samples/Polybrush/1.0.2/Shader Examples (Standard)/Shader/StandardTextureBlend.shader
  artifactKey: Guid(df6f9b2f874ba87409f6dc04cb6ffa8c) Importer(815301076,1909f56bfc062723c751e8b465ee728b)
Start importing Assets/Samples/Polybrush/1.0.2/Shader Examples (Standard)/Shader/StandardTextureBlend.shader using Guid(df6f9b2f874ba87409f6dc04cb6ffa8c) Importer(815301076,1909f56bfc062723c751e8b465ee728b)  -> (artifact id: '55e0ea04429d2740ed29ce900ad48818') in 0.011329 seconds 
  Import took 0.016378 seconds .

========================================================================
Received Import Request.
  Time since last request: 1.083036 seconds.
  path: Assets/Samples/Polybrush/1.0.2/Shader Examples (Standard)/Shader/StandardVertexColor.shader
  artifactKey: Guid(db7f7561c8be2854f85f29593611496b) Importer(815301076,1909f56bfc062723c751e8b465ee728b)
Start importing Assets/Samples/Polybrush/1.0.2/Shader Examples (Standard)/Shader/StandardVertexColor.shader using Guid(db7f7561c8be2854f85f29593611496b) Importer(815301076,1909f56bfc062723c751e8b465ee728b)  -> (artifact id: '55f7a15f729e54bbea69f4d895c4c97f') in 0.011687 seconds 
  Import took 0.018510 seconds .

========================================================================
Received Import Request.
  Time since last request: 971.192000 seconds.
  path: Assets/Standard Assets/Utility/Prefabs/FramerateCounter.prefab
  artifactKey: Guid(81154777d5417884981849c5243f6c01) Importer(815301076,1909f56bfc062723c751e8b465ee728b)
Start importing Assets/Standard Assets/Utility/Prefabs/FramerateCounter.prefab using Guid(81154777d5417884981849c5243f6c01) Importer(815301076,1909f56bfc062723c751e8b465ee728b)  -> (artifact id: '193de2c427580b8de51ac5a1d191e01e') in 0.040169 seconds 
  Import took 0.045690 seconds .

========================================================================
Received Import Request.
  Time since last request: 77.737087 seconds.
  path: Assets/Standard Assets/Utility/ActivateTrigger.cs
  artifactKey: Guid(c8634e062924929664361c08745211fb) Importer(815301076,1909f56bfc062723c751e8b465ee728b)
Start importing Assets/Standard Assets/Utility/ActivateTrigger.cs using Guid(c8634e062924929664361c08745211fb) Importer(815301076,1909f56bfc062723c751e8b465ee728b)  -> (artifact id: 'ed9df2ad34fcd6bf6f5e205173a75732') in 0.017571 seconds 
  Import took 0.027449 seconds .

========================================================================
Received Import Request.
  Time since last request: 9.830652 seconds.
  path: Assets/Standard Assets/Utility/SimpleActivatorMenu.cs
  artifactKey: Guid(69b69a5b0e0a85b4aa97a7edc40c37d1) Importer(815301076,1909f56bfc062723c751e8b465ee728b)
Start importing Assets/Standard Assets/Utility/SimpleActivatorMenu.cs using Guid(69b69a5b0e0a85b4aa97a7edc40c37d1) Importer(815301076,1909f56bfc062723c751e8b465ee728b)  -> (artifact id: '97983fa9a587677ac127f430ab2d97e4') in 0.007173 seconds 
  Import took 0.015258 seconds .

========================================================================
Received Prepare
Registering precompiled user dll's ...
Registered in 0.008105 seconds.
Begin MonoManager ReloadAssembly
Native extension for WindowsStandalone target not found
Refreshing native plugins compatible for Editor in 0.73 ms, found 2 plugins.
Preloading 0 native plugins for Editor in 0.00 ms.
[ScriptCompilation] NOT recompiling all scripts because this is an import worker process. Reason to compile was: Define symbols changed
Mono: successfully reloaded assembly
- Completed reload, in  1.679 seconds
Domain Reload Profiling:
	ReloadAssembly (1680ms)
		BeginReloadAssembly (194ms)
			ExecutionOrderSort (0ms)
			DisableScriptedObjects (7ms)
			BackupInstance (0ms)
			ReleaseScriptingObjects (0ms)
			CreateAndSetChildDomain (75ms)
		EndReloadAssembly (1388ms)
			LoadAssemblies (164ms)
			RebuildTransferFunctionScriptingTraits (0ms)
			SetupTypeCache (469ms)
			ReleaseScriptCaches (1ms)
			RebuildScriptCaches (64ms)
			SetupLoadedEditorAssemblies (523ms)
				LogAssemblyErrors (0ms)
				InitializePlatformSupportModulesInManaged (9ms)
				SetLoadedEditorAssemblies (1ms)
				RefreshPlugins (1ms)
				BeforeProcessingInitializeOnLoad (135ms)
				ProcessInitializeOnLoadAttributes (342ms)
				ProcessInitializeOnLoadMethodAttributes (21ms)
				AfterProcessingInitializeOnLoad (14ms)
				EditorAssembliesLoaded (0ms)
			ExecutionOrderSort2 (0ms)
			AwakeInstancesAfterBackupRestoration (13ms)
Platform modules already initialized, skipping
Refreshing native plugins compatible for Editor in 0.69 ms, found 2 plugins.
Preloading 0 native plugins for Editor in 0.00 ms.
Unloading 2178 Unused Serialized files (Serialized files now loaded: 0)
System memory in use before: 105.3 MB.
System memory in use after: 98.1 MB.

Unloading 72 unused Assets to reduce memory usage. Loaded Objects now: 2624.
Total: 11.493700 ms (FindLiveObjects: 0.569500 ms CreateObjectMapping: 0.226400 ms MarkObjects: 4.584900 ms  DeleteObjects: 6.111500 ms)

AssetImportParameters requested are different than current active one (requested -> active):
  custom:framework-win-MediaFoundation: 216162199b28c13a410421893ffa2e32 -> 
  custom:video-decoder-ogg-theora: a1e56fd34408186e4bbccfd4996cb3dc -> 
  custom:container-muxer-webm: aa71ff27fc2769a1b78a27578f13a17b -> 
  custom:container-demuxer-webm: 4f35f7cbe854078d1ac9338744f61a02 -> 
  custom:container-demuxer-ogg: 62fdf1f143b41e24485cea50d1cbac27 -> 
  custom:video-encoder-webm-vp8: eb34c28f22e8b96e1ab97ce403110664 -> 
  custom:video-decoder-webm-vp8: 9c59270c3fd7afecdb556c50c9e8de78 -> 
  custom:audio-decoder-ogg-vorbis: bf7c407c2cedff20999df2af8eb42d56 -> 
  custom:audio-encoder-webm-vorbis: bf7c407c2cedff20999df2af8eb42d56 -> 
========================================================================
Received Import Request.
  Time since last request: 76.814347 seconds.
  path: Assets/Standard Assets/Utility/SimpleActivatorMenu.cs
  artifactKey: Guid(69b69a5b0e0a85b4aa97a7edc40c37d1) Importer(815301076,1909f56bfc062723c751e8b465ee728b)
Start importing Assets/Standard Assets/Utility/SimpleActivatorMenu.cs using Guid(69b69a5b0e0a85b4aa97a7edc40c37d1) Importer(815301076,1909f56bfc062723c751e8b465ee728b)  -> (artifact id: 'ec4cecb3ebccd23dbdecbd684da22cf2') in 0.015885 seconds 
  Import took 0.028351 seconds .

========================================================================
Received Import Request.
  Time since last request: 26.038511 seconds.
  path: Assets/Standard Assets/Characters/FirstPersonCharacter/Prefabs
  artifactKey: Guid(0bfb2599080d5d24e84362b4ae314ae7) Importer(815301076,1909f56bfc062723c751e8b465ee728b)
Start importing Assets/Standard Assets/Characters/FirstPersonCharacter/Prefabs using Guid(0bfb2599080d5d24e84362b4ae314ae7) Importer(815301076,1909f56bfc062723c751e8b465ee728b)  -> (artifact id: 'be257b5b1748ad9f1e897f337746f1a9') in 0.008566 seconds 
  Import took 0.014196 seconds .

========================================================================
Received Import Request.
  Time since last request: 0.067379 seconds.
  path: Assets/Standard Assets/Characters/FirstPersonCharacter/Prefabs/FPSController.prefab
  artifactKey: Guid(5e9e851c0e142814dac026a256ba2ac0) Importer(815301076,1909f56bfc062723c751e8b465ee728b)
Start importing Assets/Standard Assets/Characters/FirstPersonCharacter/Prefabs/FPSController.prefab using Guid(5e9e851c0e142814dac026a256ba2ac0) Importer(815301076,1909f56bfc062723c751e8b465ee728b)  -> (artifact id: '58b6966fdaae242505ad107366d062d4') in 0.037665 seconds 
  Import took 0.047586 seconds .

========================================================================
Received Import Request.
  Time since last request: 0.000471 seconds.
  path: Assets/Standard Assets/Characters/FirstPersonCharacter/Prefabs/RigidBodyFPSController.prefab
  artifactKey: Guid(c6453f8e1f814744d8b94e5a6d1f9942) Importer(815301076,1909f56bfc062723c751e8b465ee728b)
Start importing Assets/Standard Assets/Characters/FirstPersonCharacter/Prefabs/RigidBodyFPSController.prefab using Guid(c6453f8e1f814744d8b94e5a6d1f9942) Importer(815301076,1909f56bfc062723c751e8b465ee728b)  -> (artifact id: 'aebd50d2c73521530857334c62b9259d') in 0.020492 seconds 
  Import took 0.028267 seconds .

========================================================================
Received Prepare
Registering precompiled user dll's ...
Registered in 0.008931 seconds.
Begin MonoManager ReloadAssembly
Native extension for WindowsStandalone target not found
Refreshing native plugins compatible for Editor in 0.68 ms, found 2 plugins.
Preloading 0 native plugins for Editor in 0.00 ms.
Mono: successfully reloaded assembly
- Completed reload, in  2.215 seconds
Domain Reload Profiling:
	ReloadAssembly (2217ms)
		BeginReloadAssembly (204ms)
			ExecutionOrderSort (0ms)
			DisableScriptedObjects (9ms)
			BackupInstance (0ms)
			ReleaseScriptingObjects (0ms)
			CreateAndSetChildDomain (60ms)
		EndReloadAssembly (1907ms)
			LoadAssemblies (159ms)
			RebuildTransferFunctionScriptingTraits (0ms)
			SetupTypeCache (484ms)
			ReleaseScriptCaches (2ms)
			RebuildScriptCaches (68ms)
			SetupLoadedEditorAssemblies (1048ms)
				LogAssemblyErrors (0ms)
				InitializePlatformSupportModulesInManaged (7ms)
				SetLoadedEditorAssemblies (1ms)
				RefreshPlugins (1ms)
				BeforeProcessingInitializeOnLoad (143ms)
				ProcessInitializeOnLoadAttributes (864ms)
				ProcessInitializeOnLoadMethodAttributes (21ms)
				AfterProcessingInitializeOnLoad (11ms)
				EditorAssembliesLoaded (0ms)
			ExecutionOrderSort2 (0ms)
			AwakeInstancesAfterBackupRestoration (11ms)
Platform modules already initialized, skipping
Refreshing native plugins compatible for Editor in 0.78 ms, found 2 plugins.
Preloading 0 native plugins for Editor in 0.00 ms.
Unloading 2177 Unused Serialized files (Serialized files now loaded: 0)
System memory in use before: 105.3 MB.
System memory in use after: 98.0 MB.

Unloading 72 unused Assets to reduce memory usage. Loaded Objects now: 2626.
Total: 11.481500 ms (FindLiveObjects: 0.441600 ms CreateObjectMapping: 0.163700 ms MarkObjects: 3.943900 ms  DeleteObjects: 6.929400 ms)

AssetImportParameters requested are different than current active one (requested -> active):
  custom:framework-win-MediaFoundation: 216162199b28c13a410421893ffa2e32 -> 
  custom:video-decoder-ogg-theora: a1e56fd34408186e4bbccfd4996cb3dc -> 
  custom:container-muxer-webm: aa71ff27fc2769a1b78a27578f13a17b -> 
  custom:container-demuxer-webm: 4f35f7cbe854078d1ac9338744f61a02 -> 
  custom:container-demuxer-ogg: 62fdf1f143b41e24485cea50d1cbac27 -> 
  custom:video-encoder-webm-vp8: eb34c28f22e8b96e1ab97ce403110664 -> 
  custom:video-decoder-webm-vp8: 9c59270c3fd7afecdb556c50c9e8de78 -> 
  custom:audio-decoder-ogg-vorbis: bf7c407c2cedff20999df2af8eb42d56 -> 
  custom:audio-encoder-webm-vorbis: bf7c407c2cedff20999df2af8eb42d56 -> 
========================================================================
Received Prepare
Registering precompiled user dll's ...
Registered in 0.008608 seconds.
Begin MonoManager ReloadAssembly
Native extension for WindowsStandalone target not found
Refreshing native plugins compatible for Editor in 0.93 ms, found 2 plugins.
Preloading 0 native plugins for Editor in 0.00 ms.
Mono: successfully reloaded assembly
- Completed reload, in  1.872 seconds
Domain Reload Profiling:
	ReloadAssembly (1874ms)
		BeginReloadAssembly (214ms)
			ExecutionOrderSort (0ms)
			DisableScriptedObjects (8ms)
			BackupInstance (0ms)
			ReleaseScriptingObjects (0ms)
			CreateAndSetChildDomain (65ms)
		EndReloadAssembly (1533ms)
			LoadAssemblies (166ms)
			RebuildTransferFunctionScriptingTraits (0ms)
			SetupTypeCache (491ms)
			ReleaseScriptCaches (2ms)
			RebuildScriptCaches (65ms)
			SetupLoadedEditorAssemblies (640ms)
				LogAssemblyErrors (0ms)
				InitializePlatformSupportModulesInManaged (9ms)
				SetLoadedEditorAssemblies (1ms)
				RefreshPlugins (1ms)
				BeforeProcessingInitializeOnLoad (266ms)
				ProcessInitializeOnLoadAttributes (328ms)
				ProcessInitializeOnLoadMethodAttributes (19ms)
				AfterProcessingInitializeOnLoad (16ms)
				EditorAssembliesLoaded (0ms)
			ExecutionOrderSort2 (0ms)
			AwakeInstancesAfterBackupRestoration (10ms)
Platform modules already initialized, skipping
Refreshing native plugins compatible for Editor in 3.28 ms, found 2 plugins.
Preloading 0 native plugins for Editor in 0.00 ms.
Unloading 2177 Unused Serialized files (Serialized files now loaded: 0)
System memory in use before: 105.2 MB.
System memory in use after: 98.0 MB.

Unloading 72 unused Assets to reduce memory usage. Loaded Objects now: 2628.
Total: 12.018300 ms (FindLiveObjects: 0.372500 ms CreateObjectMapping: 0.164200 ms MarkObjects: 5.044700 ms  DeleteObjects: 6.435600 ms)

AssetImportParameters requested are different than current active one (requested -> active):
  custom:framework-win-MediaFoundation: 216162199b28c13a410421893ffa2e32 -> 
  custom:video-decoder-ogg-theora: a1e56fd34408186e4bbccfd4996cb3dc -> 
  custom:container-muxer-webm: aa71ff27fc2769a1b78a27578f13a17b -> 
  custom:container-demuxer-webm: 4f35f7cbe854078d1ac9338744f61a02 -> 
  custom:container-demuxer-ogg: 62fdf1f143b41e24485cea50d1cbac27 -> 
  custom:video-encoder-webm-vp8: eb34c28f22e8b96e1ab97ce403110664 -> 
  custom:video-decoder-webm-vp8: 9c59270c3fd7afecdb556c50c9e8de78 -> 
  custom:audio-decoder-ogg-vorbis: bf7c407c2cedff20999df2af8eb42d56 -> 
  custom:audio-encoder-webm-vorbis: bf7c407c2cedff20999df2af8eb42d56 -> 
========================================================================
Received Import Request.
  Time since last request: 528.432904 seconds.
  path: Assets/Images/Materials
  artifactKey: Guid(b7dcbc0961a59094f983017c7d5c808e) Importer(815301076,1909f56bfc062723c751e8b465ee728b)
Start importing Assets/Images/Materials using Guid(b7dcbc0961a59094f983017c7d5c808e) Importer(815301076,1909f56bfc062723c751e8b465ee728b)  -> (artifact id: '62c56d2ccec94dc2958a5de8735325ff') in 0.017472 seconds 
  Import took 0.025443 seconds .

========================================================================
Received Import Request.
  Time since last request: 0.084595 seconds.
  path: Assets/Images/Materials/maze-pacman-board-black-and-white.mat
  artifactKey: Guid(3021e8a37b27a824b9730deb1d426f57) Importer(815301076,1909f56bfc062723c751e8b465ee728b)
Start importing Assets/Images/Materials/maze-pacman-board-black-and-white.mat using Guid(3021e8a37b27a824b9730deb1d426f57) Importer(815301076,1909f56bfc062723c751e8b465ee728b)  -> (artifact id: '456e368921d81946760045d8d71dda6d') in 0.094181 seconds 
  Import took 0.099072 seconds .

========================================================================
Received Import Request.
  Time since last request: 97.585141 seconds.
  path: Assets/Standard Assets/2D/Sprites/BackgroundGreyGridSprite.png
  artifactKey: Guid(cbbabe9e292f5604897926494bb38fef) Importer(815301076,1909f56bfc062723c751e8b465ee728b)
Start importing Assets/Standard Assets/2D/Sprites/BackgroundGreyGridSprite.png using Guid(cbbabe9e292f5604897926494bb38fef) Importer(815301076,1909f56bfc062723c751e8b465ee728b)  -> (artifact id: '821c45927d301e4bbbc13b747e4a84e6') in 0.058617 seconds 
  Import took 0.065889 seconds .

========================================================================
Received Import Request.
  Time since last request: 0.000542 seconds.
  path: Assets/Standard Assets/CrossPlatformInput/Sprites/ButtonBrakeUpSprite.png
  artifactKey: Guid(827c9cd4a3943534f909ac6473e17288) Importer(815301076,1909f56bfc062723c751e8b465ee728b)
Start importing Assets/Standard Assets/CrossPlatformInput/Sprites/ButtonBrakeUpSprite.png using Guid(827c9cd4a3943534f909ac6473e17288) Importer(815301076,1909f56bfc062723c751e8b465ee728b)  -> (artifact id: '8a752866f0e7139b07f175b0359f4a2f') in 0.032272 seconds 
  Import took 0.043657 seconds .

========================================================================
Received Import Request.
  Time since last request: 0.000715 seconds.
  path: Assets/Standard Assets/CrossPlatformInput/Sprites/ButtonThumbstickOverSprite.png
  artifactKey: Guid(5485e2f56028a3c4cb54f5caa167377e) Importer(815301076,1909f56bfc062723c751e8b465ee728b)
Start importing Assets/Standard Assets/CrossPlatformInput/Sprites/ButtonThumbstickOverSprite.png using Guid(5485e2f56028a3c4cb54f5caa167377e) Importer(815301076,1909f56bfc062723c751e8b465ee728b)  -> (artifact id: 'bed3b5c8b1c9c5e55fd8dcf885d69bf4') in 0.037330 seconds 
  Import took 0.045212 seconds .

========================================================================
Received Import Request.
  Time since last request: 0.000649 seconds.
  path: Assets/Standard Assets/CrossPlatformInput/Sprites/ButtonTimescaleFullUpSprite.png
  artifactKey: Guid(0c6271a290ef75b4c97d58746c86c5b8) Importer(815301076,1909f56bfc062723c751e8b465ee728b)
Start importing Assets/Standard Assets/CrossPlatformInput/Sprites/ButtonTimescaleFullUpSprite.png using Guid(0c6271a290ef75b4c97d58746c86c5b8) Importer(815301076,1909f56bfc062723c751e8b465ee728b)  -> (artifact id: 'c78d50d3b573e20f157f74c07d6b5b13') in 0.031461 seconds 
  Import took 0.041258 seconds .

========================================================================
Received Import Request.
  Time since last request: 0.000397 seconds.
  path: Assets/Standard Assets/CrossPlatformInput/Sprites/ButtonTimescaleSlowUpSprite.png
  artifactKey: Guid(9d7c6e4896067aa4fa512a00f692ac1c) Importer(815301076,1909f56bfc062723c751e8b465ee728b)
Start importing Assets/Standard Assets/CrossPlatformInput/Sprites/ButtonTimescaleSlowUpSprite.png using Guid(9d7c6e4896067aa4fa512a00f692ac1c) Importer(815301076,1909f56bfc062723c751e8b465ee728b)  -> (artifact id: 'b13d4248f491860292305b8de31ca119') in 0.029620 seconds 
  Import took 0.036576 seconds .

========================================================================
Received Import Request.
  Time since last request: 0.000750 seconds.
  path: Assets/Standard Assets/CrossPlatformInput/Sprites/ButtonArrowOverSprite.png
  artifactKey: Guid(49b611e658efbf443b686a4036f74fe3) Importer(815301076,1909f56bfc062723c751e8b465ee728b)
Start importing Assets/Standard Assets/CrossPlatformInput/Sprites/ButtonArrowOverSprite.png using Guid(49b611e658efbf443b686a4036f74fe3) Importer(815301076,1909f56bfc062723c751e8b465ee728b)  -> (artifact id: 'b3165d179a96a1614a67ecaf209820b1') in 0.068348 seconds 
  Import took 0.075568 seconds .

========================================================================
Received Import Request.
  Time since last request: 0.000475 seconds.
  path: Assets/Standard Assets/CrossPlatformInput/Sprites/ButtonBrakeOverSprite.png
  artifactKey: Guid(5b1a64ea234fb2343b8d0686c51280de) Importer(815301076,1909f56bfc062723c751e8b465ee728b)
Start importing Assets/Standard Assets/CrossPlatformInput/Sprites/ButtonBrakeOverSprite.png using Guid(5b1a64ea234fb2343b8d0686c51280de) Importer(815301076,1909f56bfc062723c751e8b465ee728b)  -> (artifact id: '969781b909a80ba29d96ed6fb60c200d') in 0.033884 seconds 
  Import took 0.038772 seconds .

========================================================================
Received Import Request.
  Time since last request: 0.000530 seconds.
  path: Assets/Standard Assets/CrossPlatformInput/Sprites/ButtonSpacebarSprite.png
  artifactKey: Guid(3d8675433a508ec47b8f895201eacf20) Importer(815301076,1909f56bfc062723c751e8b465ee728b)
Start importing Assets/Standard Assets/CrossPlatformInput/Sprites/ButtonSpacebarSprite.png using Guid(3d8675433a508ec47b8f895201eacf20) Importer(815301076,1909f56bfc062723c751e8b465ee728b)  -> (artifact id: '1a6dfb3cce91fb1b0f68f7866d424a43') in 0.030906 seconds 
  Import took 0.042327 seconds .

========================================================================
Received Import Request.
  Time since last request: 0.000690 seconds.
  path: Assets/Standard Assets/2D/Sprites/CratePinkGridSprite.png
  artifactKey: Guid(12ef7cbdfe0e143fa858a324456c8979) Importer(815301076,1909f56bfc062723c751e8b465ee728b)
Start importing Assets/Standard Assets/2D/Sprites/CratePinkGridSprite.png using Guid(12ef7cbdfe0e143fa858a324456c8979) Importer(815301076,1909f56bfc062723c751e8b465ee728b)  -> (artifact id: '78d302c7b1909dd39b7c3018724640fe') in 0.030948 seconds 
  Import took 0.042446 seconds .

========================================================================
Received Import Request.
  Time since last request: 0.001013 seconds.
  path: Assets/Standard Assets/2D/Sprites/BackgroundNavyGridSprite.png
  artifactKey: Guid(1d0c184845252df44a655359de388cb8) Importer(815301076,1909f56bfc062723c751e8b465ee728b)
Start importing Assets/Standard Assets/2D/Sprites/BackgroundNavyGridSprite.png using Guid(1d0c184845252df44a655359de388cb8) Importer(815301076,1909f56bfc062723c751e8b465ee728b)  -> (artifact id: '2b4492e28e537f630172495cd8be133d') in 0.029726 seconds 
  Import took 0.036674 seconds .

========================================================================
Received Import Request.
  Time since last request: 0.000695 seconds.
  path: Assets/Standard Assets/CrossPlatformInput/Sprites/ButtonThumbstickUpSprite.png
  artifactKey: Guid(9866a92691696b346901281f2b329034) Importer(815301076,1909f56bfc062723c751e8b465ee728b)
Start importing Assets/Standard Assets/CrossPlatformInput/Sprites/ButtonThumbstickUpSprite.png using Guid(9866a92691696b346901281f2b329034) Importer(815301076,1909f56bfc062723c751e8b465ee728b)  -> (artifact id: 'a80b09847930ade0e76e1a76f7be1679') in 0.033026 seconds 
  Import took 0.041327 seconds .

========================================================================
Received Import Request.
  Time since last request: 0.000816 seconds.
  path: Assets/Standard Assets/CrossPlatformInput/Sprites/ButtonResetSprite.png
  artifactKey: Guid(a94c9a7eb94ceec4a8d67a1890e22e51) Importer(815301076,1909f56bfc062723c751e8b465ee728b)
Start importing Assets/Standard Assets/CrossPlatformInput/Sprites/ButtonResetSprite.png using Guid(a94c9a7eb94ceec4a8d67a1890e22e51) Importer(815301076,1909f56bfc062723c751e8b465ee728b)  -> (artifact id: '1cf8c8d9816b162494326165894dbc01') in 0.028641 seconds 
  Import took 0.043179 seconds .

========================================================================
Received Import Request.
  Time since last request: 0.000533 seconds.
  path: Assets/Standard Assets/CrossPlatformInput/Sprites/ButtonArrowUpSprite.png
  artifactKey: Guid(4db017495c69e8140a56a0e2b669e3f8) Importer(815301076,1909f56bfc062723c751e8b465ee728b)
Start importing Assets/Standard Assets/CrossPlatformInput/Sprites/ButtonArrowUpSprite.png using Guid(4db017495c69e8140a56a0e2b669e3f8) Importer(815301076,1909f56bfc062723c751e8b465ee728b)  -> (artifact id: 'abdd3e30bb1b8baf4d295e78cacdf6f5') in 0.035056 seconds 
  Import took 0.046393 seconds .

========================================================================
Received Import Request.
  Time since last request: 0.000752 seconds.
  path: Assets/Standard Assets/CrossPlatformInput/Sprites/ButtonAcceleratorOverSprite.png
  artifactKey: Guid(eb5f6e2757c821940b69cf1456f7865a) Importer(815301076,1909f56bfc062723c751e8b465ee728b)
Start importing Assets/Standard Assets/CrossPlatformInput/Sprites/ButtonAcceleratorOverSprite.png using Guid(eb5f6e2757c821940b69cf1456f7865a) Importer(815301076,1909f56bfc062723c751e8b465ee728b)  -> (artifact id: 'ada6be1cc7dedf7bb9bf6516c4b8a719') in 0.030753 seconds 
  Import took 0.038672 seconds .

========================================================================
Received Import Request.
  Time since last request: 0.000607 seconds.
  path: Assets/Standard Assets/CrossPlatformInput/Sprites/ButtonCameraCycleUpSprite.png
  artifactKey: Guid(a3983c59ebf804b4abba687bd7c9e92f) Importer(815301076,1909f56bfc062723c751e8b465ee728b)
Start importing Assets/Standard Assets/CrossPlatformInput/Sprites/ButtonCameraCycleUpSprite.png using Guid(a3983c59ebf804b4abba687bd7c9e92f) Importer(815301076,1909f56bfc062723c751e8b465ee728b)  -> (artifact id: '6744188d74cd24ce11daec5fe4764575') in 0.028790 seconds 
  Import took 0.043128 seconds .

========================================================================
Received Import Request.
  Time since last request: 0.000419 seconds.
  path: Assets/Standard Assets/CrossPlatformInput/Sprites/ButtonAcceleratorUpSprite.png
  artifactKey: Guid(f588d850485d0ae479d73cf3bd0b7b00) Importer(815301076,1909f56bfc062723c751e8b465ee728b)
Start importing Assets/Standard Assets/CrossPlatformInput/Sprites/ButtonAcceleratorUpSprite.png using Guid(f588d850485d0ae479d73cf3bd0b7b00) Importer(815301076,1909f56bfc062723c751e8b465ee728b)  -> (artifact id: '1ca408daa25b019e7f5e7a198a1c7fcf') in 0.038863 seconds 
  Import took 0.048862 seconds .

========================================================================
Received Import Request.
  Time since last request: 1.786657 seconds.
  path: Assets/SampleScenes/Textures/GUIReticle.png
  artifactKey: Guid(c03c72978d15ecb4d91060d3a10d14f0) Importer(815301076,1909f56bfc062723c751e8b465ee728b)
Start importing Assets/SampleScenes/Textures/GUIReticle.png using Guid(c03c72978d15ecb4d91060d3a10d14f0) Importer(815301076,1909f56bfc062723c751e8b465ee728b)  -> (artifact id: '07fc3bea3e6f92d3831a6427c23b0ed4') in 0.089447 seconds 
  Import took 0.094603 seconds .

========================================================================
Received Import Request.
  Time since last request: 0.000710 seconds.
  path: Assets/SampleScenes/Menu/Sprites/MenuCornerTopRightSprite.png
  artifactKey: Guid(2b592d40fd47980478920e3ed65b0985) Importer(815301076,1909f56bfc062723c751e8b465ee728b)
Start importing Assets/SampleScenes/Menu/Sprites/MenuCornerTopRightSprite.png using Guid(2b592d40fd47980478920e3ed65b0985) Importer(815301076,1909f56bfc062723c751e8b465ee728b)  -> (artifact id: '749ef761c1b3ecccdbad5fd49a31358c') in 0.033032 seconds 
  Import took 0.039350 seconds .

========================================================================
Received Import Request.
  Time since last request: 0.000711 seconds.
  path: Assets/Standard Assets/2D/Sprites/PlatformWhiteSprite.png
  artifactKey: Guid(d90a8faf6fb9540b084ef2825cc3a5dc) Importer(815301076,1909f56bfc062723c751e8b465ee728b)
Start importing Assets/Standard Assets/2D/Sprites/PlatformWhiteSprite.png using Guid(d90a8faf6fb9540b084ef2825cc3a5dc) Importer(815301076,1909f56bfc062723c751e8b465ee728b)  -> (artifact id: 'a5704a325d85db14fcafc744ca5f436e') in 0.032504 seconds 
  Import took 0.041586 seconds .

========================================================================
Received Import Request.
  Time since last request: 0.000704 seconds.
  path: Assets/Standard Assets/2D/Sprites/RobotBoyCrouchSprite.png
  artifactKey: Guid(d40c191aa46654db7a426d6a1fa3aa30) Importer(815301076,1909f56bfc062723c751e8b465ee728b)
Start importing Assets/Standard Assets/2D/Sprites/RobotBoyCrouchSprite.png using Guid(d40c191aa46654db7a426d6a1fa3aa30) Importer(815301076,1909f56bfc062723c751e8b465ee728b)  -> (artifact id: 'ff245f042a9bab7a5672cb0b32fab90c') in 0.182322 seconds 
  Import took 0.188444 seconds .

========================================================================
Received Import Request.
  Time since last request: 0.000602 seconds.
  path: Assets/SampleScenes/Menu/Sprites/LogoUnitySprite.png
  artifactKey: Guid(7d6d5225d5a2b40e3959b66d13b6e29c) Importer(815301076,1909f56bfc062723c751e8b465ee728b)
Start importing Assets/SampleScenes/Menu/Sprites/LogoUnitySprite.png using Guid(7d6d5225d5a2b40e3959b66d13b6e29c) Importer(815301076,1909f56bfc062723c751e8b465ee728b)  -> (artifact id: '4dfe4a96716d6ddcadbbf69f0b0c8192') in 0.033636 seconds 
  Import took 0.042758 seconds .

========================================================================
Received Prepare
Registering precompiled user dll's ...
Registered in 0.006653 seconds.
Begin MonoManager ReloadAssembly
Native extension for WindowsStandalone target not found
Refreshing native plugins compatible for Editor in 0.71 ms, found 2 plugins.
Preloading 0 native plugins for Editor in 0.00 ms.
Mono: successfully reloaded assembly
- Completed reload, in  1.688 seconds
Domain Reload Profiling:
	ReloadAssembly (1689ms)
		BeginReloadAssembly (263ms)
			ExecutionOrderSort (0ms)
			DisableScriptedObjects (16ms)
			BackupInstance (0ms)
			ReleaseScriptingObjects (0ms)
			CreateAndSetChildDomain (83ms)
		EndReloadAssembly (1329ms)
			LoadAssemblies (156ms)
			RebuildTransferFunctionScriptingTraits (0ms)
			SetupTypeCache (522ms)
			ReleaseScriptCaches (2ms)
			RebuildScriptCaches (62ms)
			SetupLoadedEditorAssemblies (469ms)
				LogAssemblyErrors (0ms)
				InitializePlatformSupportModulesInManaged (7ms)
				SetLoadedEditorAssemblies (1ms)
				RefreshPlugins (1ms)
				BeforeProcessingInitializeOnLoad (132ms)
				ProcessInitializeOnLoadAttributes (299ms)
				ProcessInitializeOnLoadMethodAttributes (19ms)
				AfterProcessingInitializeOnLoad (10ms)
				EditorAssembliesLoaded (0ms)
			ExecutionOrderSort2 (0ms)
			AwakeInstancesAfterBackupRestoration (9ms)
Platform modules already initialized, skipping
Refreshing native plugins compatible for Editor in 0.69 ms, found 2 plugins.
Preloading 0 native plugins for Editor in 0.00 ms.
Unloading 2177 Unused Serialized files (Serialized files now loaded: 0)
System memory in use before: 105.3 MB.
System memory in use after: 98.1 MB.

Unloading 72 unused Assets to reduce memory usage. Loaded Objects now: 2638.
Total: 12.027900 ms (FindLiveObjects: 0.308700 ms CreateObjectMapping: 0.136000 ms MarkObjects: 4.787800 ms  DeleteObjects: 6.793700 ms)

AssetImportParameters requested are different than current active one (requested -> active):
  custom:framework-win-MediaFoundation: 216162199b28c13a410421893ffa2e32 -> 
  custom:video-decoder-ogg-theora: a1e56fd34408186e4bbccfd4996cb3dc -> 
  custom:container-muxer-webm: aa71ff27fc2769a1b78a27578f13a17b -> 
  custom:container-demuxer-webm: 4f35f7cbe854078d1ac9338744f61a02 -> 
  custom:container-demuxer-ogg: 62fdf1f143b41e24485cea50d1cbac27 -> 
  custom:video-encoder-webm-vp8: eb34c28f22e8b96e1ab97ce403110664 -> 
  custom:video-decoder-webm-vp8: 9c59270c3fd7afecdb556c50c9e8de78 -> 
  custom:audio-decoder-ogg-vorbis: bf7c407c2cedff20999df2af8eb42d56 -> 
  custom:audio-encoder-webm-vorbis: bf7c407c2cedff20999df2af8eb42d56 -> 
AssetImportWorkerClient::OnTransportError - code=2 error=End of file
